{"D:\\Software Projects\\GROW\\Unit_tests_react-homework\\src\\index.js": {"path":"D:\\Software Projects\\GROW\\Unit_tests_react-homework\\src\\index.js","statementMap":{"0":{"start":{"line":1,"column":0},"end":{"line":null,"column":-1}},"1":{"start":{"line":2,"column":0},"end":{"line":null,"column":-1}},"2":{"start":{"line":3,"column":0},"end":{"line":null,"column":-1}},"3":{"start":{"line":5,"column":0},"end":{"line":null,"column":-1}},"4":{"start":{"line":8,"column":2},"end":{"line":null,"column":-1}},"5":{"start":{"line":15,"column":20},"end":{"line":15,"column":0}},"6":{"start":{"line":16,"column":0},"end":{"line":null,"column":-1}}},"fnMap":{"0":{"name":"App","decl":{"start":{"line":7,"column":9},"end":{"line":7,"column":0}},"loc":{"start":{"line":7,"column":15},"end":{"line":13,"column":1}}}},"branchMap":{},"s":{"0":0,"1":0,"2":0,"3":0,"4":0,"5":0,"6":0},"f":{"0":0},"b":{}}
,"D:\\Software Projects\\GROW\\Unit_tests_react-homework\\src\\setupTests.js": {"path":"D:\\Software Projects\\GROW\\Unit_tests_react-homework\\src\\setupTests.js","statementMap":{"0":{"start":{"line":5,"column":0},"end":{"line":5,"column":38}}},"fnMap":{},"branchMap":{},"s":{"0":5},"f":{},"b":{},"_coverageSchema":"332fd63041d2c1bcb487cc26dd0d5f7d97098a6c","hash":"4259022eba3f807c56d807c65db897f461de24fd"}
,"D:\\Software Projects\\GROW\\Unit_tests_react-homework\\src\\components\\List\\List.js": {"path":"D:\\Software Projects\\GROW\\Unit_tests_react-homework\\src\\components\\List\\List.js","statementMap":{"0":{"start":{"line":4,"column":13},"end":{"line":12,"column":1}},"1":{"start":{"line":5,"column":20},"end":{"line":5,"column":25}},"2":{"start":{"line":7,"column":2},"end":{"line":11,"column":4}},"3":{"start":{"line":8,"column":22},"end":{"line":8,"column":58}}},"fnMap":{"0":{"name":"(anonymous_0)","decl":{"start":{"line":4,"column":13},"end":{"line":4,"column":14}},"loc":{"start":{"line":4,"column":22},"end":{"line":12,"column":1}},"line":4},"1":{"name":"(anonymous_1)","decl":{"start":{"line":8,"column":14},"end":{"line":8,"column":15}},"loc":{"start":{"line":8,"column":22},"end":{"line":8,"column":58}},"line":8}},"branchMap":{"0":{"loc":{"start":{"line":7,"column":9},"end":{"line":11,"column":3}},"type":"cond-expr","locations":[{"start":{"line":8,"column":4},"end":{"line":8,"column":59}},{"start":{"line":10,"column":4},"end":{"line":10,"column":31}}],"line":7}},"s":{"0":2,"1":3,"2":3,"3":2},"f":{"0":3,"1":2},"b":{"0":[1,2]},"_coverageSchema":"332fd63041d2c1bcb487cc26dd0d5f7d97098a6c","hash":"9a27cafa94aa3e1202d109fe8f0d06e9bfcbf837"}
,"D:\\Software Projects\\GROW\\Unit_tests_react-homework\\src\\components\\ListItem\\ListItem.js": {"path":"D:\\Software Projects\\GROW\\Unit_tests_react-homework\\src\\components\\ListItem\\ListItem.js","statementMap":{"0":{"start":{"line":3,"column":17},"end":{"line":24,"column":1}},"1":{"start":{"line":4,"column":32},"end":{"line":4,"column":37}},"2":{"start":{"line":6,"column":2},"end":{"line":23,"column":4}}},"fnMap":{"0":{"name":"(anonymous_0)","decl":{"start":{"line":3,"column":17},"end":{"line":3,"column":18}},"loc":{"start":{"line":3,"column":26},"end":{"line":24,"column":1}},"line":3}},"branchMap":{"0":{"loc":{"start":{"line":8,"column":7},"end":{"line":15,"column":7}},"type":"cond-expr","locations":[{"start":{"line":9,"column":8},"end":{"line":12,"column":10}},{"start":{"line":14,"column":8},"end":{"line":14,"column":36}}],"line":8}},"s":{"0":3,"1":2,"2":2},"f":{"0":2},"b":{"0":[1,1]},"_coverageSchema":"332fd63041d2c1bcb487cc26dd0d5f7d97098a6c","hash":"f538096e8fcd6444bf1eb10a4f66a411683be04c"}
,"D:\\Software Projects\\GROW\\Unit_tests_react-homework\\src\\containers\\ListContainer\\ListContainer.js": {"path":"D:\\Software Projects\\GROW\\Unit_tests_react-homework\\src\\containers\\ListContainer\\ListContainer.js","statementMap":{"0":{"start":{"line":7,"column":15},"end":{"line":7,"column":30}},"1":{"start":{"line":8,"column":2},"end":{"line":8,"column":23}},"2":{"start":{"line":9,"column":2},"end":{"line":9,"column":38}},"3":{"start":{"line":10,"column":2},"end":{"line":10,"column":22}},"4":{"start":{"line":13,"column":22},"end":{"line":40,"column":1}},"5":{"start":{"line":14,"column":28},"end":{"line":14,"column":40}},"6":{"start":{"line":15,"column":28},"end":{"line":15,"column":40}},"7":{"start":{"line":16,"column":36},"end":{"line":16,"column":51}},"8":{"start":{"line":18,"column":2},"end":{"line":20,"column":9}},"9":{"start":{"line":19,"column":4},"end":{"line":19,"column":47}},"10":{"start":{"line":22,"column":18},"end":{"line":26,"column":3}},"11":{"start":{"line":23,"column":4},"end":{"line":23,"column":23}},"12":{"start":{"line":24,"column":4},"end":{"line":24,"column":37}},"13":{"start":{"line":25,"column":4},"end":{"line":25,"column":47}},"14":{"start":{"line":28,"column":2},"end":{"line":39,"column":4}}},"fnMap":{"0":{"name":"loadData","decl":{"start":{"line":6,"column":15},"end":{"line":6,"column":23}},"loc":{"start":{"line":6,"column":58},"end":{"line":11,"column":1}},"line":6},"1":{"name":"(anonymous_1)","decl":{"start":{"line":13,"column":22},"end":{"line":13,"column":23}},"loc":{"start":{"line":13,"column":31},"end":{"line":40,"column":1}},"line":13},"2":{"name":"(anonymous_2)","decl":{"start":{"line":18,"column":12},"end":{"line":18,"column":13}},"loc":{"start":{"line":18,"column":18},"end":{"line":20,"column":3}},"line":18},"3":{"name":"(anonymous_3)","decl":{"start":{"line":22,"column":18},"end":{"line":22,"column":19}},"loc":{"start":{"line":22,"column":29},"end":{"line":26,"column":3}},"line":22}},"branchMap":{"0":{"loc":{"start":{"line":24,"column":4},"end":{"line":24,"column":36}},"type":"binary-expr","locations":[{"start":{"line":24,"column":4},"end":{"line":24,"column":17}},{"start":{"line":24,"column":21},"end":{"line":24,"column":36}}],"line":24},"1":{"loc":{"start":{"line":37,"column":7},"end":{"line":37,"column":76}},"type":"cond-expr","locations":[{"start":{"line":37,"column":15},"end":{"line":37,"column":51}},{"start":{"line":37,"column":54},"end":{"line":37,"column":76}}],"line":37}},"s":{"0":1,"1":0,"2":0,"3":0,"4":1,"5":1,"6":1,"7":1,"8":1,"9":1,"10":1,"11":0,"12":0,"13":0,"14":1},"f":{"0":1,"1":1,"2":1,"3":0},"b":{"0":[0,0],"1":[0,1]},"_coverageSchema":"332fd63041d2c1bcb487cc26dd0d5f7d97098a6c","hash":"4577297f164e33e81ab1169896b7a318009812a4"}
,"D:\\Software Projects\\GROW\\Unit_tests_react-homework\\src\\helpers\\requests.js": {"path":"D:\\Software Projects\\GROW\\Unit_tests_react-homework\\src\\helpers\\requests.js","statementMap":{"0":{"start":{"line":4,"column":18},"end":{"line":4,"column":63}},"1":{"start":{"line":6,"column":23},"end":{"line":19,"column":1}},"2":{"start":{"line":7,"column":19},"end":{"line":17,"column":10}},"3":{"start":{"line":10,"column":12},"end":{"line":12,"column":13}},"4":{"start":{"line":11,"column":16},"end":{"line":11,"column":78}},"5":{"start":{"line":13,"column":12},"end":{"line":13,"column":57}},"6":{"start":{"line":16,"column":12},"end":{"line":16,"column":53}},"7":{"start":{"line":18,"column":4},"end":{"line":18,"column":18}}},"fnMap":{"0":{"name":"(anonymous_0)","decl":{"start":{"line":6,"column":23},"end":{"line":6,"column":24}},"loc":{"start":{"line":6,"column":35},"end":{"line":19,"column":1}},"line":6},"1":{"name":"(anonymous_1)","decl":{"start":{"line":9,"column":14},"end":{"line":9,"column":15}},"loc":{"start":{"line":9,"column":26},"end":{"line":14,"column":9}},"line":9},"2":{"name":"(anonymous_2)","decl":{"start":{"line":15,"column":15},"end":{"line":15,"column":16}},"loc":{"start":{"line":15,"column":22},"end":{"line":17,"column":9}},"line":15}},"branchMap":{"0":{"loc":{"start":{"line":10,"column":12},"end":{"line":12,"column":13}},"type":"if","locations":[{"start":{"line":10,"column":12},"end":{"line":12,"column":13}},{"start":{"line":10,"column":12},"end":{"line":12,"column":13}}],"line":10}},"s":{"0":2,"1":2,"2":3,"3":1,"4":0,"5":1,"6":1,"7":2},"f":{"0":3,"1":1,"2":1},"b":{"0":[0,1]},"_coverageSchema":"332fd63041d2c1bcb487cc26dd0d5f7d97098a6c","hash":"36cc36a808cba3d372423809c88d196c628165be"}
,"D:\\Software Projects\\GROW\\Unit_tests_react-homework\\src\\helpers\\transform.js": {"path":"D:\\Software Projects\\GROW\\Unit_tests_react-homework\\src\\helpers\\transform.js","statementMap":{"0":{"start":{"line":1,"column":29},"end":{"line":9,"column":45}},"1":{"start":{"line":2,"column":2},"end":{"line":9,"column":45}},"2":{"start":{"line":3,"column":18},"end":{"line":8,"column":5}}},"fnMap":{"0":{"name":"(anonymous_0)","decl":{"start":{"line":1,"column":29},"end":{"line":1,"column":30}},"loc":{"start":{"line":2,"column":2},"end":{"line":9,"column":45}},"line":2},"1":{"name":"(anonymous_1)","decl":{"start":{"line":3,"column":9},"end":{"line":3,"column":10}},"loc":{"start":{"line":3,"column":18},"end":{"line":8,"column":5}},"line":3}},"branchMap":{},"s":{"0":2,"1":1,"2":3},"f":{"0":1,"1":3},"b":{},"_coverageSchema":"332fd63041d2c1bcb487cc26dd0d5f7d97098a6c","hash":"ffa7cdfcab90995932e0ccea8d471e268b887e62"}
}
